---------------------------------------------------
M.U.G.E.N ver 1.1.0 Beta 1 P1 (2013.08.11) status log
---------------------------------------------------
Parsing command line...
Command line: C:\Users\lalo_\Desktop\Jueguito de peleas\Juego.exe
Parse command line OK
Initializing...
Allocating game variables
Reading configuration file...Setting language "es".
OK
Initializing timer...performance timer enabled...frequency 10000000...OK
Initializing keyboard...configuring...OK
Initializing input engine...OK
Initializing sound...OK
Initializing BGM...  OK
Initializing graphics...gameCoord 1280x720...render mode 2_20...trying 1280x720x32 mode 0x0...success...OK
Setting callbacks...OK
Initializing font...OK
Initializing game variables...OK
Session RNG seed is 1680203318
Loading system fonts...OK
Loading options...
Initializing pads...failed
Reinitializing input engine...OK
Remapping keys...OK
Reinitializing input engine...OK
Options loaded OK
Loading system...
  Load system file system.def...OK
  Load system spr...OK
  Load system snd...OK
  Load system fonts...OK
  Load system anim...OK
  Load [Title Info]...OK
  Load [Option Info]...OK
  Load [Select Info]...OK
  Load [VS Screen]...OK
  Load [Victory Screen]...OK
  Load [Demo Mode]...OK
  Load [Continue Screen]...OK
  Load [Game Over Screen]...OK
  Load [Win Screen]...OK
  Load [Survival Results Screen]...OK
  Load [Default Ending]...OK
  Load [End Credits]...OK
  Load TitleBG...VersusBG...VictoryBG...SelectBG...OptionBG...OK
  Loading fight data
    Opening fight data file data/mugen1/fight.def...OK
    Reading [Files]...OK
    Loading fonts...OK
    Load fight anim...OK
    Reading [Lifebar]...[Turns Lifebar]...[Simul Lifebar]...[Powerbar]...
    [Face]...[Simul Face]...[Turns Face]...
    [Name]...[Simul Name]...[Turns Name]...
    [Time]...[Combo]...[Round]...[WinIcon]...OK
    Allocating explods...OK
  Fight data loaded OK
Lua initing
Lua init complete
System loaded OK
Initialize OK
Set up graphics...timer...OK

Entering gameflow loop
Gameflow 0
Gameflow 1
Gameflow 2
Initializing character info...OK
Initializing select screen...finding characters...OK
Gameflow 3
Gameflow 4
Entering mode select.
Unloading match assets
Freeing players
Game loop init
Mode select init
End of mode select loop
Game loop deinit
Gameflow 6
Reset persist vars team 0
Reset persist vars team 1
Char Acnologia.def (11) request pal 2 0 (0) -> reserved 0 (0)
Char Acnologia.def (11) request pal 5 0 (0) -> reserved 0 (0)
Gameflow 8
Gameflow 9
Gameflow 10
Gameflow 11
Loading match assets...
Loading stage...
  Loading BG...OK
Stage loaded OK
  Allocating helpers...OK
Match RNG seed: 805387200
Reset persist vars team 0
Reset persist vars team 1
Loading character chars/Acnologia/Acnologia.def...
  Loading info...OK
  Loading cmd command set Acnologia.cmd...OK
  Loading cns Acnologia.cns...OK
  Loading cns IA.cns...OK
  Loading cns Especiales.cns...OK
  Loading cns Supers.cns...OK
  Loading cmd state entry Acnologia.cmd...OK
  Loading common states common1.cns...OK
  Loading sff Acnologia.sff...OK
  Loading anim Acnologia.air...OK
  Loading snd Acnologia.snd...OK
  Loading pals...OK
  8103 expressions (1919 on trigger lines)
Character Acnologia.def loaded OK
New char Acnologia loaded into cache: (1/4 cached) Load time: 430.000ms
Player Acnologia cache count increased: 2
Resetting round
Match assets initialized OK
Game loop init
Match loop init
End of match loop
Total time: 27.85s
Total frames: 1671 	Skipped frames: 0
Avg game rate: 60.00
Avg frame rate: 60.00

Finishing match
Freeing players
Save persist vars P56 Acnologia
Player Acnologia cache count reduced: 1
Save persist vars P57 Acnologia
Player Acnologia cache count reduced: 0
Match RNG closed
Game loop deinit
Gameflow 3
Gameflow 4
Entering mode select.
Unloading match assets
Freeing players
Unloading stage...OK
Game loop init
Mode select init
End of mode select loop
Game loop deinit
Gameflow 6
Reset persist vars team 0
Reset persist vars team 1
Char Medusa.def (8) request pal 5 3 (3) -> reserved 0 (2)
Char Medusa.def (8) request pal 7 3 (2) -> reserved 1 (0)
Gameflow 8
Gameflow 9
Gameflow 10
Gameflow 11
Loading match assets...
Loading stage...
  Loading BG...OK
Stage loaded OK
  Allocating helpers...OK
Match RNG seed: 1658071654
Reset persist vars team 0
Reset persist vars team 1
Loading character chars/Medusa/Medusa.def...
  Loading info...OK
  Loading cmd command set Rider.cmd...OK
  Loading cns Rider.cns...OK
  Loading cns IA.cns...OK
  Loading cns Specials.cns...OK
  Loading cns Supers.cns...OK
  Loading cmd state entry Rider.cmd...OK
  Loading common states common1.cns...OK
  Loading sff Rider.sff...OK
  Loading anim Rider.air...OK
  Loading snd Rider.snd...OK
  Loading pals...OK
  12145 expressions (2942 on trigger lines)
Character Medusa.def loaded OK
New char Medusa loaded into cache: (2/4 cached) Load time: 2670.000ms
Player Medusa cache count increased: 2
Resetting round
Match assets initialized OK
Game loop init
Match loop init
End of match loop
Total time: 29.72s
Total frames: 1784 	Skipped frames: 0
Avg game rate: 60.03
Avg frame rate: 60.03

Finishing match
Freeing players
Save persist vars P56 Medusa
Player Medusa cache count reduced: 1
Save persist vars P57 Medusa
Player Medusa cache count reduced: 0
Match RNG closed
Game loop deinit
Gameflow 3
Gameflow 4
Entering mode select.
Unloading match assets
Freeing players
Unloading stage...OK
Game loop init
Mode select init
End of mode select loop
Game loop deinit
Gameflow 6
Reset persist vars team 0
Reset persist vars team 1
Char Acnologia.def (11) request pal 2 0 (0) -> reserved 0 (0)
Char Kabuto.def (10) request pal 0 1 (1) -> reserved 0 (0)
Gameflow 8
Gameflow 9
Gameflow 10
Gameflow 11
Loading match assets...
Loading stage...
  Loading BG...OK
Stage loaded OK
  Allocating helpers...OK
Match RNG seed: 31249677
Reset persist vars team 0
Reset persist vars team 1
Player Acnologia cache count increased: 1
Loading character chars/Kabuto/Kabuto.def...
  Loading info...OK
  Loading cmd command set Kabuto.cmd...OK
  Loading cns Kabuto.cns...OK
  Loading cns IA.cns...OK
  Loading cns Especiales.cns...OK
  Loading cns Supers.cns...OK
  Loading cns Madara.cns...OK
  Loading cmd state entry Kabuto.cmd...OK
  Loading common states common1.cns...OK
  Loading sff Kabuto.sff...OK
  Loading anim Kabuto.air...OK
  Loading snd Kabuto.snd...OK
  Loading pals...OK
  8089 expressions (2396 on trigger lines)
Character Kabuto.def loaded OK
New char Kabuto loaded into cache: (3/4 cached) Load time: 610.000ms
Resetting round
Match assets initialized OK
Game loop init
Match loop init
End of match loop
Total time: 30.30s
Total frames: 1819 	Skipped frames: 0
Avg game rate: 60.03
Avg frame rate: 60.03

Finishing match
Freeing players
Save persist vars P56 Acnologia
Player Acnologia cache count reduced: 0
Save persist vars P57 Kabuto
Player Kabuto cache count reduced: 0
Match RNG closed
Game loop deinit
Gameflow 3
Gameflow 4
Entering mode select.
Unloading match assets
Freeing players
Unloading stage...OK
Game loop init
Mode select init
End of mode select loop
Game loop deinit
Gameflow 6
Reset persist vars team 0
Reset persist vars team 1
Char Saber.def (4) request pal 5 FFF (FFF) -> reserved 5 (FDF)
Char Zeus.def (1) request pal 4 1 (1) -> reserved 0 (0)
Gameflow 8
Gameflow 9
Gameflow 10
Gameflow 11
Loading match assets...
Loading stage...
  Loading BG...OK
Stage loaded OK
  Allocating helpers...OK
Match RNG seed: 1352864132
Reset persist vars team 0
Reset persist vars team 1
Loading character chars/Saber/Saber.def...
  Loading info...OK
  Loading cmd command set Saber.cmd...OK
  Loading cns Saber.cns...OK
  Loading cns IA.cns...OK
  Loading cns Specials.cns...OK
  Loading cns Supers.cns...OK
  Loading cmd state entry Saber.cmd...OK
  Loading common states common1.cns...OK
  Loading sff Saber.sff...OK
  Loading anim Saber.air...OK
  Loading snd Saber.snd...OK
  Loading pals...(1,1)(1,2)(1,3)(1,4)(1,5)(1,6)(1,7)(1,8)(1,9)(1,10)(1,11)(1,12)OK
  SFF v1.01 palette hack engaged.
  7143 expressions (1994 on trigger lines)
Character Saber.def loaded OK
New char Artoria loaded into cache: (4/4 cached) Load time: 510.000ms
Player Medusa purged from cache: 1
Freeing player RC Medusa...CMD...CNS...SFF...AIR...SND...Misc...OK
Loading character chars/Zeus/Zeus.def...
  Loading info...OK
  Loading cmd command set Boros.cmd...OK
  Loading cns Boros.cns...OK
  Loading cns IA.cns...OK
  Loading cns Specials.cns...OK
  Loading cns Supers.cns...OK
  Loading cns Meteoric Burst.cns...OK
  Loading cmd state entry Boros.cmd...OK
  Loading common states common1.cns...OK
  Loading sff Boros.sff...OK
  Loading anim Boros.air...OK
  Loading snd Boros.snd...OK
  Loading pals...(1,1)OK
  SFF v1.01 palette hack engaged.
  8482 expressions (2111 on trigger lines)
Character Zeus.def loaded OK
New char Zeus loaded into cache: (4/4 cached) Load time: 640.000ms
Resetting round
Match assets initialized OK
Game loop init
Match loop init
End of match loop
Total time: 35.93s
Total frames: 2157 	Skipped frames: 0
Avg game rate: 60.03
Avg frame rate: 60.03

Finishing match
Freeing players
Save persist vars P56 Artoria
Player Artoria cache count reduced: 0
Save persist vars P57 Zeus
Player Zeus cache count reduced: 0
Match RNG closed
Game loop deinit
Gameflow 3
Gameflow 4
Entering mode select.
Unloading match assets
Freeing players
Unloading stage...OK
Game loop init
Mode select init
End of mode select loop
Game loop deinit
Gameflow 6
Reset persist vars team 0
Reset persist vars team 1
Char Madara obito.def (9) request pal 10 1 (1) -> reserved 0 (0)
Char Medusa.def (8) request pal 10 3 (0) -> reserved 0 (0)
Gameflow 8
Gameflow 9
Gameflow 10
Gameflow 11
Loading match assets...
Loading stage...
  Loading BG...OK
Stage loaded OK
  Allocating helpers...OK
Match RNG seed: 722024870
Reset persist vars team 0
Reset persist vars team 1
Player Acnologia purged from cache: 2
Freeing player RC Acnologia...CMD...CNS...SFF...AIR...SND...Misc...OK
Loading character chars/Madara obito/Madara obito.def...
  Loading info...OK
  Loading cmd command set Madara.cmd...OK
  Loading cns Madara.cns...OK
  Loading cns others.cns...OK
  Loading cmd state entry Madara.cmd...OK
  Loading common states common1.cns...OK
  Loading sff Madara.sff...OK
  Loading anim Madara.air...OK
  Loading snd Madara.snd...OK
  Loading pals...(1,1)OK
  4414 expressions (1522 on trigger lines)
Character Madara obito.def loaded OK
New char Obito loaded into cache: (4/4 cached) Load time: 120.000ms
Player Kabuto purged from cache: 3
Freeing player RC Kabuto...CMD...CNS...SFF...AIR...SND...Misc...OK
Loading character chars/Medusa/Medusa.def...
  Loading info...OK
  Loading cmd command set Rider.cmd...OK
  Loading cns Rider.cns...OK
  Loading cns IA.cns...OK
  Loading cns Specials.cns...OK
  Loading cns Supers.cns...OK
  Loading cmd state entry Rider.cmd...OK
  Loading common states common1.cns...OK
  Loading sff Rider.sff...OK
  Loading anim Rider.air...OK
  Loading snd Rider.snd...OK
  Loading pals...OK
  12145 expressions (2942 on trigger lines)
Character Medusa.def loaded OK
New char Medusa loaded into cache: (4/4 cached) Load time: 2600.000ms
Resetting round
Match assets initialized OK
Game loop init
Match loop init
End of match loop
Total time: 29.72s
Total frames: 1784 	Skipped frames: 0
Avg game rate: 60.03
Avg frame rate: 60.03

Finishing match
Freeing players
Save persist vars P56 Obito
Player Obito cache count reduced: 0
Save persist vars P57 Medusa
Player Medusa cache count reduced: 0
Match RNG closed
Game loop deinit
Gameflow 3
Gameflow 4
Entering mode select.
Unloading match assets
Freeing players
Unloading stage...OK
Game loop init
Mode select init
End of mode select loop
Game loop deinit
Gameflow 6
Reset persist vars team 0
Reset persist vars team 1
Char Madara obito.def (9) request pal 3 1 (0) -> reserved 0 (0)
Char Hassan.def (6) request pal 7 3 (3) -> reserved 1 (1)
Gameflow 8
Gameflow 9
Gameflow 10
Gameflow 11
Loading match assets...
Loading stage...
  Loading BG...OK
Stage loaded OK
  Allocating helpers...OK
Match RNG seed: 1771429250
Reset persist vars team 0
Reset persist vars team 1
Player Obito cache count increased: 1
Player Artoria purged from cache: 4
Freeing player RC Artoria...CMD...CNS...SFF...AIR...SND...Misc...OK
Loading character chars/Hassan/Hassan.def...
  Loading info...OK
  Loading cmd command set Hassan of the Cursed Arm.cmd...OK
  Loading cns Hassan of the Cursed Arm.cns...OK
  Loading cns IA.cns...OK
  Loading cmd state entry Hassan of the Cursed Arm.cmd...OK
  Loading common states common1.cns...OK
  Loading sff Hassan of the Cursed Arm.sff...OK
  Loading anim Hassan of the Cursed Arm.air...OK
  Loading snd Hassan of the Cursed Arm.snd...OK
  Loading pals...(1,1)OK
  SFF v1.01 palette hack engaged.
  8381 expressions (2047 on trigger lines)
Character Hassan.def loaded OK
New char Hassan loaded into cache: (4/4 cached) Load time: 930.000ms
Resetting round
Match assets initialized OK
Game loop init
Match loop init
End of match loop
Total time: 29.66s
Total frames: 1781 	Skipped frames: 0
Avg game rate: 60.05
Avg frame rate: 60.05

Finishing match
Freeing players
Save persist vars P56 Obito
Player Obito cache count reduced: 0
Save persist vars P57 Hassan
Player Hassan cache count reduced: 0
Match RNG closed
Game loop deinit
Gameflow 3
Gameflow 4
Entering mode select.
Unloading match assets
Freeing players
Unloading stage...OK
Game loop init
Mode select init
End of mode select loop
Game loop deinit
Gameflow 6
Reset persist vars team 0
Reset persist vars team 1
Char Kabuto.def (10) request pal 2 1 (0) -> reserved 0 (0)
Char Madara obito.def (9) request pal 8 1 (0) -> reserved 0 (0)
Gameflow 8
Gameflow 9
Gameflow 10
Gameflow 11
Loading match assets...
Loading stage...
  Loading BG...OK
Stage loaded OK
  Allocating helpers...OK
Match RNG seed: 2144949947
Reset persist vars team 0
Reset persist vars team 1
Player Zeus purged from cache: 5
Freeing player RC Zeus...CMD...CNS...SFF...AIR...SND...Misc...OK
Loading character chars/Kabuto/Kabuto.def...
  Loading info...OK
  Loading cmd command set Kabuto.cmd...OK
  Loading cns Kabuto.cns...OK
  Loading cns IA.cns...OK
  Loading cns Especiales.cns...OK
  Loading cns Supers.cns...OK
  Loading cns Madara.cns...OK
  Loading cmd state entry Kabuto.cmd...OK
  Loading common states common1.cns...OK
  Loading sff Kabuto.sff...OK
  Loading anim Kabuto.air...OK
  Loading snd Kabuto.snd...OK
  Loading pals...OK
  8089 expressions (2396 on trigger lines)
Character Kabuto.def loaded OK
New char Kabuto loaded into cache: (4/4 cached) Load time: 600.000ms
Player Obito cache count increased: 1
Resetting round
Match assets initialized OK
Game loop init
Match loop init
End of match loop
Total time: 30.30s
Total frames: 1819 	Skipped frames: 0
Avg game rate: 60.03
Avg frame rate: 60.03

Finishing match
Freeing players
Save persist vars P56 Kabuto
Player Kabuto cache count reduced: 0
Save persist vars P57 Obito
Player Obito cache count reduced: 0
Match RNG closed
Game loop deinit
Gameflow 3
Gameflow 4
Entering mode select.
Unloading match assets
Freeing players
Unloading stage...OK
Game loop init
Mode select init
End of mode select loop
Game loop deinit
Gameflow 6
Reset persist vars team 0
Reset persist vars team 1
Char Jeanne.def (5) request pal 5 F (F) -> reserved 0 (E)
Char Zeus.def (1) request pal 3 1 (0) -> reserved 0 (0)
Gameflow 8
Gameflow 9
Gameflow 10
Gameflow 11
Loading match assets...
Loading stage...
  Loading BG...OK
Stage loaded OK
  Allocating helpers...OK
Match RNG seed: 1912637695
Reset persist vars team 0
Reset persist vars team 1
Player Medusa purged from cache: 7
Freeing player RC Medusa...CMD...CNS...SFF...AIR...SND...Misc...OK
Loading character chars/Jeanne/Jeanne.def...
  Loading info...OK
  Loading cmd command set Jeanne.cmd...OK
  Loading cns Jeanne.cns...OK
  Loading cns AI.cns...OK
  Loading cns Especiales.cns...OK
  Loading cns Super.cns...OK
  Loading cmd state entry Jeanne.cmd...OK
  Loading common states common1.cns...OK
  Loading sff Jeanne.sff...OK
  Loading anim Jeanne.air...OK
  Loading snd Jeanne.snd...OK
  Loading pals...(1,1)(1,2)(1,3)(1,4)OK
  SFF v1.01 palette hack engaged.
  6149 expressions (1621 on trigger lines)
Character Jeanne.def loaded OK
New char Jeanne loaded into cache: (4/4 cached) Load time: 1130.000ms
Player Hassan purged from cache: 9
Freeing player RC Hassan...CMD...CNS...SFF...AIR...SND...Misc...OK
Loading character chars/Zeus/Zeus.def...
  Loading info...OK
  Loading cmd command set Boros.cmd...OK
  Loading cns Boros.cns...OK
  Loading cns IA.cns...OK
  Loading cns Specials.cns...OK
  Loading cns Supers.cns...OK
  Loading cns Meteoric Burst.cns...OK
  Loading cmd state entry Boros.cmd...OK
  Loading common states common1.cns...OK
  Loading sff Boros.sff...OK
  Loading anim Boros.air...OK
  Loading snd Boros.snd...OK
  Loading pals...(1,1)OK
  SFF v1.01 palette hack engaged.
  8482 expressions (2111 on trigger lines)
Character Zeus.def loaded OK
New char Zeus loaded into cache: (4/4 cached) Load time: 580.000ms
Resetting round
Match assets initialized OK
Game loop init
Match loop init
End of match loop
Total time: 35.93s
Total frames: 2157 	Skipped frames: 0
Avg game rate: 60.03
Avg frame rate: 60.03

Finishing match
Freeing players
Save persist vars P56 Jeanne
Player Jeanne cache count reduced: 0
Save persist vars P57 Zeus
Player Zeus cache count reduced: 0
Match RNG closed
Game loop deinit
Gameflow 3
Gameflow 4
Entering mode select.
Unloading match assets
Freeing players
Unloading stage...OK
Game loop init
Mode select init
End of mode select loop
Game loop deinit
Gameflow 6
Reset persist vars team 0
Reset persist vars team 1
Char Lancer.def (7) request pal 9 1 (1) -> reserved 0 (0)
Char Lancer.def (7) request pal 6 1 (0) -> reserved 0 (0)
Gameflow 8
Gameflow 9
Gameflow 10
Gameflow 11
Loading match assets...
Loading stage...
  Loading BG...OK
Stage loaded OK
  Allocating helpers...OK
Match RNG seed: 469601098
Reset persist vars team 0
Reset persist vars team 1
Player Kabuto purged from cache: 10
Freeing player RC Kabuto...CMD...CNS...SFF...AIR...SND...Misc...OK
Loading character chars/Lancer/Lancer.def...
  Loading info...OK
  Loading cmd command set Lancer.cmd...OK
  Loading cns Lancer.cns...OK
  Loading cns IA.cns...OK
  Loading cns Specials.cns...OK
  Loading cns Supers.cns...OK
  Loading cmd state entry Lancer.cmd...OK
  Loading common states common1.cns...OK
  Loading sff Lancer.sff...OK
  Loading anim Lancer.air...OK
  Loading snd Lancer.snd...OK
  Loading pals...(1,1)OK
  4448 expressions (1366 on trigger lines)
Character Lancer.def loaded OK
New char Lancer loaded into cache: (4/4 cached) Load time: 1010.000ms
Player Lancer cache count increased: 2
Resetting round
Match assets initialized OK
Game loop init
Match loop init
End of match loop
Total time: 29.22s
Total frames: 1754 	Skipped frames: 0
Avg game rate: 60.03
Avg frame rate: 60.03

Finishing match
Freeing players
Save persist vars P56 Lancer
Player Lancer cache count reduced: 1
Save persist vars P57 Lancer
Player Lancer cache count reduced: 0
Match RNG closed
Game loop deinit
Gameflow 3
Gameflow 4
Entering mode select.
Unloading match assets
Freeing players
Unloading stage...OK
Game loop init
Mode select init
End of mode select loop
Game loop deinit
Gameflow 6
Reset persist vars team 0
Reset persist vars team 1
Char Hassan.def (6) request pal 2 3 (1) -> reserved 0 (0)
Char Madara obito.def (9) request pal 7 1 (0) -> reserved 0 (0)
Gameflow 8
Gameflow 9
Gameflow 10
Gameflow 11
Loading match assets...
Loading stage...
  Loading BG...OK
Stage loaded OK
  Allocating helpers...OK
Match RNG seed: 210235707
Reset persist vars team 0
Reset persist vars team 1
Player Obito purged from cache: 11
Freeing player RC Obito...CMD...CNS...SFF...AIR...SND...Misc...OK
Loading character chars/Hassan/Hassan.def...
  Loading info...OK
  Loading cmd command set Hassan of the Cursed Arm.cmd...OK
  Loading cns Hassan of the Cursed Arm.cns...OK
  Loading cns IA.cns...OK
  Loading cmd state entry Hassan of the Cursed Arm.cmd...OK
  Loading common states common1.cns...OK
  Loading sff Hassan of the Cursed Arm.sff...OK
  Loading anim Hassan of the Cursed Arm.air...OK
  Loading snd Hassan of the Cursed Arm.snd...OK
  Loading pals...(1,1)OK
  SFF v1.01 palette hack engaged.
  8381 expressions (2047 on trigger lines)
Character Hassan.def loaded OK
New char Hassan loaded into cache: (4/4 cached) Load time: 860.000ms
Player Jeanne purged from cache: 12
Freeing player RC Jeanne...CMD...CNS...SFF...AIR...SND...Misc...OK
Loading character chars/Madara obito/Madara obito.def...
  Loading info...OK
  Loading cmd command set Madara.cmd...OK
  Loading cns Madara.cns...OK
  Loading cns others.cns...OK
  Loading cmd state entry Madara.cmd...OK
  Loading common states common1.cns...OK
  Loading sff Madara.sff...OK
  Loading anim Madara.air...OK
  Loading snd Madara.snd...OK
  Loading pals...(1,1)OK
  4414 expressions (1522 on trigger lines)
Character Madara obito.def loaded OK
New char Obito loaded into cache: (4/4 cached) Load time: 110.000ms
Resetting round
Match assets initialized OK
Game loop init
Match loop init
End of match loop
Total time: 29.67s
Total frames: 1781 	Skipped frames: 0
Avg game rate: 60.03
Avg frame rate: 60.03

Finishing match
Freeing players
Save persist vars P56 Hassan
Player Hassan cache count reduced: 0
Save persist vars P57 Obito
Player Obito cache count reduced: 0
Match RNG closed
Game loop deinit
Gameflow 3
Gameflow 4
Entering mode select.
Unloading match assets
Freeing players
Unloading stage...OK
Game loop init
Mode select init
End of mode select loop
Game loop deinit
Gameflow 6
Reset persist vars team 0
Reset persist vars team 1
Char Lancer.def (7) request pal 9 1 (0) -> reserved 0 (0)
Char Adan.def (0) request pal 2 3 (3) -> reserved 0 (2)
Gameflow 8
Gameflow 9
Gameflow 10
Gameflow 11
Loading match assets...
Loading stage...
  Loading BG...OK
Stage loaded OK
  Allocating helpers...OK
Match RNG seed: 263864800
Reset persist vars team 0
Reset persist vars team 1
Player Lancer cache count increased: 1
Player Zeus purged from cache: 13
Freeing player RC Zeus...CMD...CNS...SFF...AIR...SND...Misc...OK
Loading character chars/Adan/Adan.def...
  Loading info...OK
  Loading cmd command set Goku_UI.cmd...OK
  Loading cns Goku_UI.cns...OK
  Loading cns IA.cns...OK
  Loading cns Especiales.cns...OK
  Loading cns Supers.cns...OK
  Loading cmd state entry Goku_UI.cmd...OK
  Loading common states common1.cns...OK
  Loading sff Goku_UI.sff...OK
  Loading anim Goku_UI.air...OK
  Loading snd Goku_UI.snd...OK
  Loading pals...(1,1)(1,2)OK
  SFF v1.01 palette hack engaged.
  7375 expressions (1952 on trigger lines)
Character Adan.def loaded OK
New char Adam loaded into cache: (4/4 cached) Load time: 880.000ms
Resetting round
Match assets initialized OK
Game loop init
Match loop init
End of match loop
Total time: 29.35s
Total frames: 1762 	Skipped frames: 0
Avg game rate: 60.03
Avg frame rate: 60.03

Finishing match
Freeing players
Save persist vars P56 Lancer
Player Lancer cache count reduced: 0
Save persist vars P57 Adam
Player Adam cache count reduced: 0
Match RNG closed
Game loop deinit
Gameflow 3
Gameflow 4
Entering mode select.
Unloading match assets
Freeing players
Unloading stage...OK
Game loop init
Mode select init
End of mode select loop
Game loop deinit
Gameflow 6
Reset persist vars team 0
Reset persist vars team 1
Char Gilgamesh.def (2) request pal 11 0 (0) -> reserved 0 (0)
Char Jeanne.def (5) request pal 2 F (E) -> reserved 2 (A)
Gameflow 8
Gameflow 9
Gameflow 10
Gameflow 11
Loading match assets...
Loading stage...
  Loading BG...OK
Stage loaded OK
  Allocating helpers...OK
Match RNG seed: 1481044542
Reset persist vars team 0
Reset persist vars team 1
Player Hassan purged from cache: 15
Freeing player RC Hassan...CMD...CNS...SFF...AIR...SND...Misc...OK
Loading character chars/Gilgamesh2/Gilgamesh.def...
  Loading info...OK
  Loading cmd command set .src/cmd.cmd...OK
  Loading cns .src/cns.cns...OK
  Loading cmd state entry .src/cmd.cmd...OK
  Loading common states .src/common.cns...OK
  Loading sff Gilgamesh.sff...OK
  Loading anim .src/anim.air...OK
  Loading snd .src/snd.snd...OK
  Loading pals...OK
  7416 expressions (1698 on trigger lines)
Character Gilgamesh.def loaded OK
New char Gilgamesh loaded into cache: (4/4 cached) Load time: 680.000ms
Player Obito purged from cache: 16
Freeing player RC Obito...CMD...CNS...SFF...AIR...SND...Misc...OK
Loading character chars/Jeanne/Jeanne.def...
  Loading info...OK
  Loading cmd command set Jeanne.cmd...OK
  Loading cns Jeanne.cns...OK
  Loading cns AI.cns...OK
  Loading cns Especiales.cns...OK
  Loading cns Super.cns...OK
  Loading cmd state entry Jeanne.cmd...OK
  Loading common states common1.cns...OK
  Loading sff Jeanne.sff...OK
  Loading anim Jeanne.air...OK
  Loading snd Jeanne.snd...OK
  Loading pals...(1,1)(1,2)(1,3)(1,4)OK
  SFF v1.01 palette hack engaged.
  6149 expressions (1621 on trigger lines)
Character Jeanne.def loaded OK
New char Jeanne loaded into cache: (4/4 cached) Load time: 1060.000ms
Resetting round
Match assets initialized OK
Game loop init
Match loop init
End of match loop
Total time: 31.03s
Total frames: 1863 	Skipped frames: 0
Avg game rate: 60.04
Avg frame rate: 60.04

Finishing match
Freeing players
Save persist vars P56 Gilgamesh
Player Gilgamesh cache count reduced: 0
Save persist vars P57 Jeanne
Player Jeanne cache count reduced: 0
Match RNG closed
Game loop deinit
Gameflow 3
Gameflow 4
Entering mode select.
Unloading match assets
Freeing players
Unloading stage...OK
Game loop init
Mode select init
End of mode select loop
Game loop deinit
Gameflow 6
Reset persist vars team 0
Reset persist vars team 1
Char Hassan.def (6) request pal 4 3 (0) -> reserved 0 (0)
Char Kabuto.def (10) request pal 0 1 (0) -> reserved 0 (0)
Gameflow 8
Gameflow 9
Gameflow 10
Gameflow 11
Loading match assets...
Loading stage...
  Loading BG...OK
Stage loaded OK
  Allocating helpers...OK
Match RNG seed: 1316450524
Reset persist vars team 0
Reset persist vars team 1
Player Lancer purged from cache: 17
Freeing player RC Lancer...CMD...CNS...SFF...AIR...SND...Misc...OK
Loading character chars/Hassan/Hassan.def...
  Loading info...OK
  Loading cmd command set Hassan of the Cursed Arm.cmd...OK
  Loading cns Hassan of the Cursed Arm.cns...OK
  Loading cns IA.cns...OK
  Loading cmd state entry Hassan of the Cursed Arm.cmd...OK
  Loading common states common1.cns...OK
  Loading sff Hassan of the Cursed Arm.sff...OK
  Loading anim Hassan of the Cursed Arm.air...OK
  Loading snd Hassan of the Cursed Arm.snd...OK
  Loading pals...(1,1)OK
  SFF v1.01 palette hack engaged.
  8381 expressions (2047 on trigger lines)
Character Hassan.def loaded OK
New char Hassan loaded into cache: (4/4 cached) Load time: 860.000ms
Player Adam purged from cache: 18
Freeing player RC Adam...CMD...CNS...SFF...AIR...SND...Misc...OK
Loading character chars/Kabuto/Kabuto.def...
  Loading info...OK
  Loading cmd command set Kabuto.cmd...OK
  Loading cns Kabuto.cns...OK
  Loading cns IA.cns...OK
  Loading cns Especiales.cns...OK
  Loading cns Supers.cns...OK
  Loading cns Madara.cns...OK
  Loading cmd state entry Kabuto.cmd...OK
  Loading common states common1.cns...OK
  Loading sff Kabuto.sff...OK
  Loading anim Kabuto.air...OK
  Loading snd Kabuto.snd...OK
  Loading pals...OK
  8089 expressions (2396 on trigger lines)
Character Kabuto.def loaded OK
New char Kabuto loaded into cache: (4/4 cached) Load time: 580.000ms
Resetting round
Match assets initialized OK
Game loop init
Match loop init
End of match loop
Total time: 30.30s
Total frames: 1819 	Skipped frames: 0
Avg game rate: 60.03
Avg frame rate: 60.03

Finishing match
Freeing players
Save persist vars P56 Hassan
Player Hassan cache count reduced: 0
Save persist vars P57 Kabuto
Player Kabuto cache count reduced: 0
Match RNG closed
Game loop deinit
Gameflow 3
Gameflow 4
Entering mode select.
Unloading match assets
Freeing players
Unloading stage...OK
Game loop init
Mode select init
End of mode select loop
Game loop deinit
Gameflow 6
Reset persist vars team 0
Reset persist vars team 1
Char Medusa.def (8) request pal 8 3 (0) -> reserved 0 (0)
Char Medusa.def (8) request pal 0 3 (0) -> reserved 0 (0)
Gameflow 8
Gameflow 9
Gameflow 10
Gameflow 11
Loading match assets...
Loading stage...
  Loading BG...OK
Stage loaded OK
  Allocating helpers...OK
Match RNG seed: 767229312
Reset persist vars team 0
Reset persist vars team 1
Player Gilgamesh purged from cache: 19
Freeing player RC Gilgamesh...CMD...CNS...SFF...AIR...SND...Misc...OK
Loading character chars/Medusa/Medusa.def...
  Loading info...OK
  Loading cmd command set Rider.cmd...OK
  Loading cns Rider.cns...OK
  Loading cns IA.cns...OK
  Loading cns Specials.cns...OK
  Loading cns Supers.cns...OK
  Loading cmd state entry Rider.cmd...OK
  Loading common states common1.cns...OK
  Loading sff Rider.sff...OK
  Loading anim Rider.air...OK
  Loading snd Rider.snd...OK
  Loading pals...OK
  12145 expressions (2942 on trigger lines)
Character Medusa.def loaded OK
New char Medusa loaded into cache: (4/4 cached) Load time: 2630.000ms
Player Medusa cache count increased: 2
Resetting round
Match assets initialized OK
Game loop init
Match loop init
End of match loop
Total time: 29.72s
Total frames: 1784 	Skipped frames: 0
Avg game rate: 60.03
Avg frame rate: 60.03

Finishing match
Freeing players
Save persist vars P56 Medusa
Player Medusa cache count reduced: 1
Save persist vars P57 Medusa
Player Medusa cache count reduced: 0
Match RNG closed
Game loop deinit
Gameflow 3
Gameflow 4
Entering mode select.
Unloading match assets
Freeing players
Unloading stage...OK
Game loop init
Mode select init
End of mode select loop
Game loop deinit
Gameflow 6
Reset persist vars team 0
Reset persist vars team 1
Char Zeus.def (1) request pal 5 1 (0) -> reserved 0 (0)
Char Zeus.def (1) request pal 10 1 (0) -> reserved 0 (0)
Gameflow 8
Gameflow 9
Gameflow 10
Gameflow 11
Loading match assets...
Loading stage...
  Loading BG...OK
Stage loaded OK
  Allocating helpers...OK
Match RNG seed: 1425116058
Reset persist vars team 0
Reset persist vars team 1
Player Jeanne purged from cache: 20
Freeing player RC Jeanne...CMD...CNS...SFF...AIR...SND...Misc...OK
Loading character chars/Zeus/Zeus.def...
  Loading info...OK
  Loading cmd command set Boros.cmd...OK
  Loading cns Boros.cns...OK
  Loading cns IA.cns...OK
  Loading cns Specials.cns...OK
  Loading cns Supers.cns...OK
  Loading cns Meteoric Burst.cns...OK
  Loading cmd state entry Boros.cmd...OK
  Loading common states common1.cns...OK
  Loading sff Boros.sff...OK
  Loading anim Boros.air...OK
  Loading snd Boros.snd...OK
  Loading pals...(1,1)OK
  SFF v1.01 palette hack engaged.
  8482 expressions (2111 on trigger lines)
Character Zeus.def loaded OK
New char Zeus loaded into cache: (4/4 cached) Load time: 580.000ms
Player Zeus cache count increased: 2
Resetting round
Match assets initialized OK
Game loop init
Match loop init
End of match loop
Total time: 35.93s
Total frames: 2157 	Skipped frames: 0
Avg game rate: 60.03
Avg frame rate: 60.03

Finishing match
Freeing players
Save persist vars P56 Zeus
Player Zeus cache count reduced: 1
Save persist vars P57 Zeus
Player Zeus cache count reduced: 0
Match RNG closed
Game loop deinit
Gameflow 3
Gameflow 4
Entering mode select.
Unloading match assets
Freeing players
Unloading stage...OK
Game loop init
Mode select init
End of mode select loop
Game loop deinit
Gameflow 6
Reset persist vars team 0
Reset persist vars team 1
Char Adan.def (0) request pal 6 3 (2) -> reserved 1 (0)
Char Kabuto.def (10) request pal 5 1 (0) -> reserved 0 (0)
Gameflow 8
Gameflow 9
Gameflow 10
Gameflow 11
Loading match assets...
Loading stage...
  Loading BG...OK
Stage loaded OK
  Allocating helpers...OK
Match RNG seed: 566541461
Reset persist vars team 0
Reset persist vars team 1
Player Hassan purged from cache: 21
Freeing player RC Hassan...CMD...CNS...SFF...AIR...SND...Misc...OK
Loading character chars/Adan/Adan.def...
  Loading info...OK
  Loading cmd command set Goku_UI.cmd...OK
  Loading cns Goku_UI.cns...OK
  Loading cns IA.cns...OK
  Loading cns Especiales.cns...OK
  Loading cns Supers.cns...OK
  Loading cmd state entry Goku_UI.cmd...OK
  Loading common states common1.cns...OK
  Loading sff Goku_UI.sff...OK
  Loading anim Goku_UI.air...OK
  Loading snd Goku_UI.snd...OK
  Loading pals...(1,1)(1,2)OK
  SFF v1.01 palette hack engaged.
  7375 expressions (1952 on trigger lines)
Character Adan.def loaded OK
New char Adam loaded into cache: (4/4 cached) Load time: 850.000ms
Player Kabuto cache count increased: 1
Resetting round
Match assets initialized OK
Game loop init
Match loop init
End of match loop
Total time: 30.30s
Total frames: 1819 	Skipped frames: 0
Avg game rate: 60.03
Avg frame rate: 60.03

Finishing match
Freeing players
Save persist vars P56 Adam
Player Adam cache count reduced: 0
Save persist vars P57 Kabuto
Player Kabuto cache count reduced: 0
Match RNG closed
Game loop deinit
Gameflow 3
Gameflow 4
Entering mode select.
Unloading match assets
Freeing players
Unloading stage...OK
Game loop init
Mode select init
End of mode select loop
Game loop deinit
Gameflow 6
Reset persist vars team 0
Reset persist vars team 1
Char Jeanne.def (5) request pal 2 F (A) -> reserved 3 (2)
Char Gilgamesh.def (2) request pal 3 0 (0) -> reserved 0 (0)
Gameflow 8
Gameflow 9
Gameflow 10
Gameflow 11
Loading match assets...
Loading stage...
  Loading BG...OK
Stage loaded OK
  Allocating helpers...OK
Match RNG seed: 220607442
Reset persist vars team 0
Reset persist vars team 1
Player Medusa purged from cache: 23
Freeing player RC Medusa...CMD...CNS...SFF...AIR...SND...Misc...OK
Loading character chars/Jeanne/Jeanne.def...
  Loading info...OK
  Loading cmd command set Jeanne.cmd...OK
  Loading cns Jeanne.cns...OK
  Loading cns AI.cns...OK
  Loading cns Especiales.cns...OK
  Loading cns Super.cns...OK
  Loading cmd state entry Jeanne.cmd...OK
  Loading common states common1.cns...OK
  Loading sff Jeanne.sff...OK
  Loading anim Jeanne.air...OK
  Loading snd Jeanne.snd...OK
  Loading pals...(1,1)(1,2)(1,3)(1,4)OK
  SFF v1.01 palette hack engaged.
  6149 expressions (1621 on trigger lines)
Character Jeanne.def loaded OK
New char Jeanne loaded into cache: (4/4 cached) Load time: 1070.000ms
Player Zeus purged from cache: 24
Freeing player RC Zeus...CMD...CNS...SFF...AIR...SND...Misc...OK
Loading character chars/Gilgamesh2/Gilgamesh.def...
  Loading info...OK
  Loading cmd command set .src/cmd.cmd...OK
  Loading cns .src/cns.cns...OK
  Loading cmd state entry .src/cmd.cmd...OK
  Loading common states .src/common.cns...OK
  Loading sff Gilgamesh.sff...OK
  Loading anim .src/anim.air...OK
  Loading snd .src/snd.snd...OK
  Loading pals...OK
  7416 expressions (1698 on trigger lines)
Character Gilgamesh.def loaded OK
New char Gilgamesh loaded into cache: (4/4 cached) Load time: 640.000ms
Resetting round
Match assets initialized OK
Game loop init
Match loop init
End of match loop
Total time: 31.03s
Total frames: 1863 	Skipped frames: 0
Avg game rate: 60.04
Avg frame rate: 60.04

Finishing match
Freeing players
Save persist vars P56 Jeanne
Player Jeanne cache count reduced: 0
Save persist vars P57 Gilgamesh
Player Gilgamesh cache count reduced: 0
Match RNG closed
Game loop deinit
Gameflow 3
Gameflow 4
Entering mode select.
Unloading match assets
Freeing players
Unloading stage...OK
Game loop init
Mode select init
End of mode select loop
Game loop deinit
Gameflow 6
Reset persist vars team 0
Reset persist vars team 1
Char Zeus.def (1) request pal 11 1 (0) -> reserved 0 (0)
Char Zeus.def (1) request pal 9 1 (0) -> reserved 0 (0)
Gameflow 8
Gameflow 9
Gameflow 10
Gameflow 11
Loading match assets...
Loading stage...
  Loading BG...OK
Stage loaded OK
  Allocating helpers...OK
Match RNG seed: 1673495778
Reset persist vars team 0
Reset persist vars team 1
Player Adam purged from cache: 25
Freeing player RC Adam...CMD...CNS...SFF...AIR...SND...Misc...OK
Loading character chars/Zeus/Zeus.def...
  Loading info...OK
  Loading cmd command set Boros.cmd...OK
  Loading cns Boros.cns...OK
  Loading cns IA.cns...OK
  Loading cns Specials.cns...OK
  Loading cns Supers.cns...OK
  Loading cns Meteoric Burst.cns...OK
  Loading cmd state entry Boros.cmd...OK
  Loading common states common1.cns...OK
  Loading sff Boros.sff...OK
  Loading anim Boros.air...OK
  Loading snd Boros.snd...OK
  Loading pals...(1,1)OK
  SFF v1.01 palette hack engaged.
  8482 expressions (2111 on trigger lines)
Character Zeus.def loaded OK
New char Zeus loaded into cache: (4/4 cached) Load time: 580.000ms
Player Zeus cache count increased: 2
Resetting round
Match assets initialized OK
Game loop init
Match loop init
End of match loop
Total time: 35.93s
Total frames: 2157 	Skipped frames: 0
Avg game rate: 60.03
Avg frame rate: 60.03

Finishing match
Freeing players
Save persist vars P56 Zeus
Player Zeus cache count reduced: 1
Save persist vars P57 Zeus
Player Zeus cache count reduced: 0
Match RNG closed
Game loop deinit
Gameflow 3
Gameflow 4
Entering mode select.
Unloading match assets
Freeing players
Unloading stage...OK
Game loop init
Mode select init
End of mode select loop
Game loop deinit
Gameflow 6
Reset persist vars team 0
Reset persist vars team 1
Char Adan.def (0) request pal 1 3 (0) -> reserved 0 (0)
Char Medusa.def (8) request pal 4 3 (0) -> reserved 0 (0)
Gameflow 8
Gameflow 9
Gameflow 10
Gameflow 11
Loading match assets...
Loading stage...
  Loading BG...OK
Stage loaded OK
  Allocating helpers...OK
Match RNG seed: 1407493714
Reset persist vars team 0
Reset persist vars team 1
Player Kabuto purged from cache: 26
Freeing player RC Kabuto...CMD...CNS...SFF...AIR...SND...Misc...OK
Loading character chars/Adan/Adan.def...
  Loading info...OK
  Loading cmd command set Goku_UI.cmd...OK
  Loading cns Goku_UI.cns...OK
  Loading cns IA.cns...OK
  Loading cns Especiales.cns...OK
  Loading cns Supers.cns...OK
  Loading cmd state entry Goku_UI.cmd...OK
  Loading common states common1.cns...OK
  Loading sff Goku_UI.sff...OK
  Loading anim Goku_UI.air...OK
  Loading snd Goku_UI.snd...OK
  Loading pals...(1,1)(1,2)OK
  SFF v1.01 palette hack engaged.
  7375 expressions (1952 on trigger lines)
Character Adan.def loaded OK
New char Adam loaded into cache: (4/4 cached) Load time: 850.000ms
Player Jeanne purged from cache: 27
Freeing player RC Jeanne...CMD...CNS...SFF...AIR...SND...Misc...OK
Loading character chars/Medusa/Medusa.def...
  Loading info...OK
  Loading cmd command set Rider.cmd...OK
  Loading cns Rider.cns...OK
  Loading cns IA.cns...OK
  Loading cns Specials.cns...OK
  Loading cns Supers.cns...OK
  Loading cmd state entry Rider.cmd...OK
  Loading common states common1.cns...OK
  Loading sff Rider.sff...OK
  Loading anim Rider.air...OK
  Loading snd Rider.snd...OK
  Loading pals...OK
  12145 expressions (2942 on trigger lines)
Character Medusa.def loaded OK
New char Medusa loaded into cache: (4/4 cached) Load time: 2640.000ms
Resetting round
Match assets initialized OK
Game loop init
Match loop init
End of match loop
Total time: 29.71s
Total frames: 1784 	Skipped frames: 0
Avg game rate: 60.05
Avg frame rate: 60.05

Finishing match
Freeing players
Save persist vars P56 Adam
Player Adam cache count reduced: 0
Save persist vars P57 Medusa
Player Medusa cache count reduced: 0
Match RNG closed
Game loop deinit
Gameflow 3
Gameflow 4
Entering mode select.
Unloading match assets
Freeing players
Unloading stage...OK
Game loop init
Mode select init
End of mode select loop
Game loop deinit
Gameflow 6
Reset persist vars team 0
Reset persist vars team 1
Char Kabuto.def (10) request pal 10 1 (0) -> reserved 0 (0)
Char Zeus.def (1) request pal 11 1 (0) -> reserved 0 (0)
Gameflow 8
Gameflow 9
Gameflow 10
Gameflow 11
Loading match assets...
Loading stage...
  Loading BG...OK
Stage loaded OK
  Allocating helpers...OK
Match RNG seed: 344419271
Reset persist vars team 0
Reset persist vars team 1
Player Gilgamesh purged from cache: 28
Freeing player RC Gilgamesh...CMD...CNS...SFF...AIR...SND...Misc...OK
Loading character chars/Kabuto/Kabuto.def...
  Loading info...OK
  Loading cmd command set Kabuto.cmd...OK
  Loading cns Kabuto.cns...OK
  Loading cns IA.cns...OK
  Loading cns Especiales.cns...OK
  Loading cns Supers.cns...OK
  Loading cns Madara.cns...OK
  Loading cmd state entry Kabuto.cmd...OK
  Loading common states common1.cns...OK
  Loading sff Kabuto.sff...OK
  Loading anim Kabuto.air...OK
  Loading snd Kabuto.snd...OK
  Loading pals...OK
  8089 expressions (2396 on trigger lines)
Character Kabuto.def loaded OK
New char Kabuto loaded into cache: (4/4 cached) Load time: 590.000ms
Player Zeus cache count increased: 1
Resetting round
Match assets initialized OK
Game loop init
Match loop init
End of match loop
Total time: 35.93s
Total frames: 2157 	Skipped frames: 0
Avg game rate: 60.03
Avg frame rate: 60.03

Finishing match
Freeing players
Save persist vars P56 Kabuto
Player Kabuto cache count reduced: 0
Save persist vars P57 Zeus
Player Zeus cache count reduced: 0
Match RNG closed
Game loop deinit
Gameflow 3
Gameflow 4
Entering mode select.
Unloading match assets
Freeing players
Unloading stage...OK
Game loop init
Mode select init
End of mode select loop
Game loop deinit
Gameflow 6
Reset persist vars team 0
Reset persist vars team 1
Char Madara obito.def (9) request pal 2 1 (0) -> reserved 0 (0)
Char Lancer.def (7) request pal 11 1 (0) -> reserved 0 (0)
Gameflow 8
Gameflow 9
Gameflow 10
Gameflow 11
Loading match assets...
Loading stage...
  Loading BG...OK
Stage loaded OK
  Allocating helpers...OK
Match RNG seed: 246777780
Reset persist vars team 0
Reset persist vars team 1
Player Adam purged from cache: 30
Freeing player RC Adam...CMD...CNS...SFF...AIR...SND...Misc...OK
Loading character chars/Madara obito/Madara obito.def...
  Loading info...OK
  Loading cmd command set Madara.cmd...OK
  Loading cns Madara.cns...OK
  Loading cns others.cns...OK
  Loading cmd state entry Madara.cmd...OK
  Loading common states common1.cns...OK
  Loading sff Madara.sff...OK
  Loading anim Madara.air...OK
  Loading snd Madara.snd...OK
  Loading pals...(1,1)OK
  4414 expressions (1522 on trigger lines)
Character Madara obito.def loaded OK
New char Obito loaded into cache: (4/4 cached) Load time: 110.000ms
Player Medusa purged from cache: 31
Freeing player RC Medusa...CMD...CNS...SFF...AIR...SND...Misc...OK
Loading character chars/Lancer/Lancer.def...
  Loading info...OK
  Loading cmd command set Lancer.cmd...OK
  Loading cns Lancer.cns...OK
  Loading cns IA.cns...OK
  Loading cns Specials.cns...OK
  Loading cns Supers.cns...OK
  Loading cmd state entry Lancer.cmd...OK
  Loading common states common1.cns...OK
  Loading sff Lancer.sff...OK
  Loading anim Lancer.air...OK
  Loading snd Lancer.snd...OK
  Loading pals...(1,1)OK
  4448 expressions (1366 on trigger lines)
Character Lancer.def loaded OK
New char Lancer loaded into cache: (4/4 cached) Load time: 960.000ms
Resetting round
Match assets initialized OK
Game loop init
Match loop init
End of match loop
Total time: 29.25s
Total frames: 1754 	Skipped frames: 1
Avg game rate: 59.97
Avg frame rate: 59.93

Finishing match
Freeing players
Save persist vars P56 Obito
Player Obito cache count reduced: 0
Save persist vars P57 Lancer
Player Lancer cache count reduced: 0
Match RNG closed
Game loop deinit
Gameflow 3
Gameflow 4
Entering mode select.
Unloading match assets
Freeing players
Unloading stage...OK
Game loop init
Mode select init
End of mode select loop
Game loop deinit
Gameflow 6
Reset persist vars team 0
Reset persist vars team 1
Char Adan.def (0) request pal 2 3 (0) -> reserved 0 (0)
Char Hassan.def (6) request pal 10 3 (0) -> reserved 0 (0)
Gameflow 8
Gameflow 9
Gameflow 10
Gameflow 11
Loading match assets...
Loading stage...
  Loading BG...OK
Stage loaded OK
  Allocating helpers...OK
Match RNG seed: 1489695022
Reset persist vars team 0
Reset persist vars team 1
Player Kabuto purged from cache: 32
Freeing player RC Kabuto...CMD...CNS...SFF...AIR...SND...Misc...OK
Loading character chars/Adan/Adan.def...
  Loading info...OK
  Loading cmd command set Goku_UI.cmd...OK
  Loading cns Goku_UI.cns...OK
  Loading cns IA.cns...OK
  Loading cns Especiales.cns...OK
  Loading cns Supers.cns...OK
  Loading cmd state entry Goku_UI.cmd...OK
  Loading common states common1.cns...OK
  Loading sff Goku_UI.sff...OK
  Loading anim Goku_UI.air...OK
  Loading snd Goku_UI.snd...OK
  Loading pals...(1,1)(1,2)OK
  SFF v1.01 palette hack engaged.
  7375 expressions (1952 on trigger lines)
Character Adan.def loaded OK
New char Adam loaded into cache: (4/4 cached) Load time: 860.000ms
Player Zeus purged from cache: 33
Freeing player RC Zeus...CMD...CNS...SFF...AIR...SND...Misc...OK
Loading character chars/Hassan/Hassan.def...
  Loading info...OK
  Loading cmd command set Hassan of the Cursed Arm.cmd...OK
  Loading cns Hassan of the Cursed Arm.cns...OK
  Loading cns IA.cns...OK
  Loading cmd state entry Hassan of the Cursed Arm.cmd...OK
  Loading common states common1.cns...OK
  Loading sff Hassan of the Cursed Arm.sff...OK
  Loading anim Hassan of the Cursed Arm.air...OK
  Loading snd Hassan of the Cursed Arm.snd...OK
  Loading pals...(1,1)OK
  SFF v1.01 palette hack engaged.
  8381 expressions (2047 on trigger lines)
Character Hassan.def loaded OK
New char Hassan loaded into cache: (4/4 cached) Load time: 850.000ms
Resetting round
Match assets initialized OK
Game loop init
Match loop init
End of match loop
Total time: 29.67s
Total frames: 1781 	Skipped frames: 0
Avg game rate: 60.03
Avg frame rate: 60.03

Finishing match
Freeing players
Save persist vars P56 Adam
Player Adam cache count reduced: 0
Save persist vars P57 Hassan
Player Hassan cache count reduced: 0
Match RNG closed
Game loop deinit
Gameflow 3
Gameflow 4
Entering mode select.
Unloading match assets
Freeing players
Unloading stage...OK
Game loop init
Mode select init
End of mode select loop
Game loop deinit
Gameflow 6
Reset persist vars team 0
Reset persist vars team 1
Char Madara obito.def (9) request pal 1 1 (0) -> reserved 0 (0)
Char Mordred.def (3) request pal 7 F (F) -> reserved 1 (D)
Gameflow 8
Gameflow 9
Gameflow 10
Gameflow 11
Loading match assets...
Loading stage...
  Loading BG...OK
Stage loaded OK
  Allocating helpers...OK
Match RNG seed: 1449911090
Reset persist vars team 0
Reset persist vars team 1
Player Obito cache count increased: 1
Player Lancer purged from cache: 35
Freeing player RC Lancer...CMD...CNS...SFF...AIR...SND...Misc...OK
Loading character chars/Mordred/Mordred.def...
  Loading info...OK
  Loading cmd command set Mordred.cmd...OK
  Loading cns Mordred.cns...OK
  Loading cns AI.cns...OK
  Loading cns Especiales.cns...OK
  Loading cns Super.cns...OK
  Loading cmd state entry Mordred.cmd...OK
  Loading common states common1.cns...OK
  Loading sff Mordred.sff...OK
  Loading anim Mordred.air...OK
  Loading snd Mordred.snd...OK
  Loading pals...(1,1)(1,2)(1,3)(1,4)OK
  SFF v1.01 palette hack engaged.
  7695 expressions (1816 on trigger lines)
Character Mordred.def loaded OK
New char Mordred loaded into cache: (4/4 cached) Load time: 1050.000ms
Resetting round
Match assets initialized OK
Game loop init
Match loop init
